<?xml version="1.0" encoding="UTF-8"?>
<!-- Generated by org.testng.reporters.JUnitReportReporter -->
<testsuite hostname="WINDOWS-FS392AK" failures="0" tests="2" name="hero_test.RedirectLinkTest" time="16.341" errors="0" timestamp="2024-12-09T22:39:21 CET" skipped="0">
  <testcase classname="hero_test.RedirectLinkTest" name="checkBrokenLinks" time="9.262"/>
  <testcase classname="hero_test.RedirectLinkTest" name="checkAllLinksTest" time="7.079"/>
</testsuite> <!-- hero_test.RedirectLinkTest -->
