<?xml version="1.0" encoding="UTF-8"?>
<!-- Generated by org.testng.reporters.JUnitReportReporter -->
<testsuite hostname="WINDOWS-FS392AK" failures="0" tests="1" name="hero_test.FileUploadTest" time="7.447" errors="0" timestamp="2024-12-09T22:39:21 CET" skipped="0">
  <testcase classname="hero_test.FileUploadTest" name="fileUploadTest" time="7.447"/>
</testsuite> <!-- hero_test.FileUploadTest -->
